<?xml version="1.0" encoding="utf-8"?><testsuites name="pytest tests"><testsuite name="pytest" errors="0" failures="0" skipped="0" tests="79" time="2.906" timestamp="2026-08-24T06:17:17.191237+00:00" hostname="agent-env-e6b04aed-6e34-4edf-933f-622f3cff4f55"><testcase classname="tests.test_makemyevents" name="test_root_message" time="0.134" /><testcase classname="tests.test_makemyevents" name="test_session_invalid_returns_401" time="0.213" /><testcase classname="tests.test_makemyevents" name="test_session_empty_returns_400" time="0.091" /><testcase classname="tests.test_makemyevents" name="test_auth_me_requires_bearer" time="0.112" /><testcase classname="tests.test_makemyevents" name="test_auth_me_bad_token" time="0.106" /><testcase classname="tests.test_makemyevents" name="test_patch_auth_me_requires_bearer" time="0.110" /><testcase classname="tests.test_makemyevents" name="test_patch_auth_me_bad_token" time="0.110" /><testcase classname="tests.test_makemyevents" name="test_patch_auth_me_accepts_hallname_shape" time="0.094" /><testcase classname="tests.test_makemyevents" name="test_bookings_require_auth[get-/bookings]" time="0.095" /><testcase classname="tests.test_makemyevents" name="test_bookings_require_auth[post-/bookings]" time="0.092" /><testcase classname="tests.test_makemyevents" name="test_bookings_require_auth[post-/bookings/seed]" time="0.090" /><testcase classname="tests.test_makemyevents" name="test_bookings_require_auth[patch-/bookings/MME-999]" time="0.134" /><testcase classname="tests.test_makemyevents" name="test_bookings_require_auth[delete-/bookings/MME-999]" time="0.113" /><testcase classname="tests.test_makemyevents" name="test_bookings_bad_token_401" time="0.092" /><testcase classname="tests.test_makemyevents" name="test_add_payment_requires_bearer" time="0.112" /><testcase classname="tests.test_makemyevents" name="test_add_payment_bad_token_401" time="0.101" /><testcase classname="tests.test_makemyevents" name="test_add_payment_zero_amount_still_401_without_auth" time="0.095" /><testcase classname="tests.test_makemyevents" name="test_payment_model_defined" time="0.000" /><testcase classname="tests.test_makemyevents" name="test_booking_has_payments_list" time="0.000" /><testcase classname="tests.test_makemyevents" name="test_payment_create_model_defined" time="0.000" /><testcase classname="tests.test_makemyevents" name="test_add_payment_endpoint_present" time="0.000" /><testcase classname="tests.test_makemyevents" name="test_add_payment_logic_handles_edge_cases" time="0.000" /><testcase classname="tests.test_makemyevents" name="test_seed_bookings_seeds_initial_payment_when_advance_gt_zero" time="0.000" /><testcase classname="tests.test_makemyevents" name="test_theme_format_inr_full_returns_rupee_with_dash_suffix" time="0.000" /><testcase classname="tests.test_makemyevents" name="test_dashboard_uses_format_inr_full_not_compact" time="0.000" /><testcase classname="tests.test_makemyevents" name="test_dashboard_imports_and_uses_report_modal" time="0.000" /><testcase classname="tests.test_makemyevents" name="test_booking_detail_sheet_uses_add_payment_and_shows_history" time="0.000" /><testcase classname="tests.test_makemyevents" name="test_invoice_ts_has_payment_history_and_report_functions" time="0.000" /><testcase classname="tests.test_makemyevents" name="test_report_modal_has_required_testids" time="0.000" /><testcase classname="tests.test_makemyevents" name="test_server_defines_next_booking_id" time="0.000" /><testcase classname="tests.test_makemyevents" name="test_next_booking_id_uses_counters_and_inc" time="0.000" /><testcase classname="tests.test_makemyevents" name="test_create_booking_uses_next_booking_id" time="0.000" /><testcase classname="tests.test_makemyevents" name="test_seed_bookings_calls_next_booking_id_in_loop" time="0.000" /><testcase classname="tests.test_makemyevents" name="test_booking_model_id_is_optional_no_bkg_default" time="0.000" /><testcase classname="tests.test_makemyevents" name="test_no_bkg_prefix_remaining_in_server" time="0.000" /><testcase classname="tests.test_makemyevents" name="test_invoice_terms_contains_required_wording" time="0.000" /><testcase classname="tests.test_makemyevents" name="test_invoice_terms_ends_with_management_not_responsible" time="0.000" /><testcase classname="tests.test_makemyevents" name="test_invoice_html_prints_booking_id_as_invoice_no" time="0.000" /><testcase classname="tests.test_makemyevents" name="test_next_booking_id_sequences_mme_001_then_002" time="0.281" /><testcase classname="tests.test_makemyevents" name="test_delete_payment_requires_bearer" time="0.088" /><testcase classname="tests.test_makemyevents" name="test_delete_payment_bad_token_401" time="0.096" /><testcase classname="tests.test_makemyevents" name="test_delete_payment_endpoint_present" time="0.000" /><testcase classname="tests.test_makemyevents" name="test_delete_payment_logic_ok" time="0.000" /><testcase classname="tests.test_makemyevents" name="test_create_booking_seeds_initial_payment" time="0.000" /><testcase classname="tests.test_makemyevents" name="test_delete_payment_updates_advance_and_removes_entry" time="0.001" /><testcase classname="tests.test_makemyevents" name="test_delete_payment_out_of_range_raises" time="0.000" /><testcase classname="tests.test_makemyevents" name="test_api_ts_exports_delete_payment" time="0.000" /><testcase classname="tests.test_makemyevents" name="test_context_defines_and_exports_delete_payment" time="0.000" /><testcase classname="tests.test_makemyevents" name="test_detail_sheet_renders_delete_payment_buttons" time="0.000" /><testcase classname="tests.test_makemyevents" name="test_add_booking_sheet_is_fullscreen_modal" time="0.000" /><testcase classname="tests.test_makemyevents" name="test_backend_user_model_has_hall_address_and_owner_phone" time="0.000" /><testcase classname="tests.test_makemyevents" name="test_backend_user_update_has_hall_address_and_owner_phone" time="0.000" /><testcase classname="tests.test_makemyevents" name="test_backend_auth_me_returns_new_fields" time="0.000" /><testcase classname="tests.test_makemyevents" name="test_backend_update_me_returns_new_fields" time="0.000" /><testcase classname="tests.test_makemyevents" name="test_settings_sheet_has_three_input_testids" time="0.000" /><testcase classname="tests.test_makemyevents" name="test_api_update_me_accepts_new_fields" time="0.000" /><testcase classname="tests.test_makemyevents" name="test_authctx_exports_update_profile_not_hall_name" time="0.000" /><testcase classname="tests.test_makemyevents" name="test_invoice_html_accepts_and_renders_hall_address_and_phone" time="0.000" /><testcase classname="tests.test_makemyevents" name="test_report_html_accepts_and_renders_hall_address_and_phone" time="0.000" /><testcase classname="tests.test_makemyevents" name="test_share_invoice_and_report_forward_new_opts" time="0.000" /><testcase classname="tests.test_makemyevents" name="test_dashboard_forwards_new_fields_to_detail_and_report" time="0.000" /><testcase classname="tests.test_makemyevents" name="test_bookings_screen_forwards_new_fields_to_detail" time="0.000" /><testcase classname="tests.test_makemyevents" name="test_tabs_layout_uses_safe_area_insets" time="0.000" /><testcase classname="tests.test_makemyevents" name="test_tabs_content_paddingbottom_raised" time="0.000" /><testcase classname="tests.test_makemyevents" name="test_list_bookings_auto_completes_past_confirmed" time="0.001" /><testcase classname="tests.test_makemyevents" name="test_list_bookings_endpoint_has_update_many_call" time="0.000" /><testcase classname="tests.test_makemyevents" name="test_theme_exports_parse_local_iso_and_days_until" time="0.000" /><testcase classname="tests.test_makemyevents" name="test_days_until_via_node" time="0.022" /><testcase classname="tests.test_makemyevents" name="test_booking_card_uses_days_until_not_math_ceil" time="0.000" /><testcase classname="tests.test_makemyevents" name="test_detail_sheet_has_no_done_button" time="0.000" /><testcase classname="tests.test_makemyevents" name="test_add_sheet_custom_event_name_input_and_logic" time="0.000" /><testcase classname="tests.test_makemyevents" name="test_invoice_ts_filenames_and_rename" time="0.000" /><testcase classname="tests.test_makemyevents" name="test_notification_sheet_exports_overdue_and_message_pattern" time="0.000" /><testcase classname="tests.test_makemyevents" name="test_dashboard_uses_overdue_for_notif_count_and_bell" time="0.000" /><testcase classname="tests.test_makemyevents" name="test_dashboard_has_only_one_kpi_upcoming" time="0.000" /><testcase classname="tests.test_makemyevents" name="test_dashboard_menu_has_revenue_before_settings_and_logout" time="0.000" /><testcase classname="tests.test_makemyevents" name="test_revenue_modal_period_keys_and_testids" time="0.000" /><testcase classname="tests.test_makemyevents" name="test_fy_range_current_and_pre_apr" time="0.021" /><testcase classname="tests.test_makemyevents" name="test_bookings_screen_has_by_month_filter" time="0.000" /></testsuite></testsuites>