<?xml version="1.0" encoding="utf-8"?><testsuites name="pytest tests"><testsuite name="pytest" errors="0" failures="0" skipped="0" tests="64" time="4.007" timestamp="2026-08-23T17:14:37.568107+00:00" hostname="agent-env-e6b04aed-6e34-4edf-933f-622f3cff4f55"><testcase classname="tests.test_makemyevents" name="test_root_message" time="0.355" /><testcase classname="tests.test_makemyevents" name="test_session_invalid_returns_401" time="0.358" /><testcase classname="tests.test_makemyevents" name="test_session_empty_returns_400" time="0.199" /><testcase classname="tests.test_makemyevents" name="test_auth_me_requires_bearer" time="0.160" /><testcase classname="tests.test_makemyevents" name="test_auth_me_bad_token" time="0.218" /><testcase classname="tests.test_makemyevents" name="test_patch_auth_me_requires_bearer" time="0.118" /><testcase classname="tests.test_makemyevents" name="test_patch_auth_me_bad_token" time="0.125" /><testcase classname="tests.test_makemyevents" name="test_patch_auth_me_accepts_hallname_shape" time="0.143" /><testcase classname="tests.test_makemyevents" name="test_bookings_require_auth[get-/bookings]" time="0.121" /><testcase classname="tests.test_makemyevents" name="test_bookings_require_auth[post-/bookings]" time="0.117" /><testcase classname="tests.test_makemyevents" name="test_bookings_require_auth[post-/bookings/seed]" time="0.248" /><testcase classname="tests.test_makemyevents" name="test_bookings_require_auth[patch-/bookings/MME-999]" time="0.136" /><testcase classname="tests.test_makemyevents" name="test_bookings_require_auth[delete-/bookings/MME-999]" time="0.124" /><testcase classname="tests.test_makemyevents" name="test_bookings_bad_token_401" time="0.133" /><testcase classname="tests.test_makemyevents" name="test_add_payment_requires_bearer" time="0.105" /><testcase classname="tests.test_makemyevents" name="test_add_payment_bad_token_401" time="0.125" /><testcase classname="tests.test_makemyevents" name="test_add_payment_zero_amount_still_401_without_auth" time="0.112" /><testcase classname="tests.test_makemyevents" name="test_payment_model_defined" time="0.000" /><testcase classname="tests.test_makemyevents" name="test_booking_has_payments_list" time="0.000" /><testcase classname="tests.test_makemyevents" name="test_payment_create_model_defined" time="0.000" /><testcase classname="tests.test_makemyevents" name="test_add_payment_endpoint_present" time="0.000" /><testcase classname="tests.test_makemyevents" name="test_add_payment_logic_handles_edge_cases" time="0.000" /><testcase classname="tests.test_makemyevents" name="test_seed_bookings_seeds_initial_payment_when_advance_gt_zero" time="0.000" /><testcase classname="tests.test_makemyevents" name="test_theme_format_inr_full_returns_rupee_with_dash_suffix" time="0.000" /><testcase classname="tests.test_makemyevents" name="test_dashboard_uses_format_inr_full_not_compact" time="0.000" /><testcase classname="tests.test_makemyevents" name="test_dashboard_imports_and_uses_report_modal" time="0.000" /><testcase classname="tests.test_makemyevents" name="test_booking_detail_sheet_uses_add_payment_and_shows_history" time="0.000" /><testcase classname="tests.test_makemyevents" name="test_invoice_ts_has_payment_history_and_report_functions" time="0.000" /><testcase classname="tests.test_makemyevents" name="test_report_modal_has_required_testids" time="0.000" /><testcase classname="tests.test_makemyevents" name="test_server_defines_next_booking_id" time="0.000" /><testcase classname="tests.test_makemyevents" name="test_next_booking_id_uses_counters_and_inc" time="0.000" /><testcase classname="tests.test_makemyevents" name="test_create_booking_uses_next_booking_id" time="0.000" /><testcase classname="tests.test_makemyevents" name="test_seed_bookings_calls_next_booking_id_in_loop" time="0.000" /><testcase classname="tests.test_makemyevents" name="test_booking_model_id_is_optional_no_bkg_default" time="0.000" /><testcase classname="tests.test_makemyevents" name="test_no_bkg_prefix_remaining_in_server" time="0.000" /><testcase classname="tests.test_makemyevents" name="test_invoice_terms_contains_required_wording" time="0.000" /><testcase classname="tests.test_makemyevents" name="test_invoice_terms_ends_with_management_not_responsible" time="0.000" /><testcase classname="tests.test_makemyevents" name="test_invoice_html_prints_booking_id_as_invoice_no" time="0.000" /><testcase classname="tests.test_makemyevents" name="test_next_booking_id_sequences_mme_001_then_002" time="0.293" /><testcase classname="tests.test_makemyevents" name="test_delete_payment_requires_bearer" time="0.149" /><testcase classname="tests.test_makemyevents" name="test_delete_payment_bad_token_401" time="0.143" /><testcase classname="tests.test_makemyevents" name="test_delete_payment_endpoint_present" time="0.000" /><testcase classname="tests.test_makemyevents" name="test_delete_payment_logic_ok" time="0.000" /><testcase classname="tests.test_makemyevents" name="test_create_booking_seeds_initial_payment" time="0.000" /><testcase classname="tests.test_makemyevents" name="test_delete_payment_updates_advance_and_removes_entry" time="0.001" /><testcase classname="tests.test_makemyevents" name="test_delete_payment_out_of_range_raises" time="0.000" /><testcase classname="tests.test_makemyevents" name="test_api_ts_exports_delete_payment" time="0.000" /><testcase classname="tests.test_makemyevents" name="test_context_defines_and_exports_delete_payment" time="0.000" /><testcase classname="tests.test_makemyevents" name="test_detail_sheet_renders_delete_payment_buttons" time="0.000" /><testcase classname="tests.test_makemyevents" name="test_add_booking_sheet_is_fullscreen_modal" time="0.000" /><testcase classname="tests.test_makemyevents" name="test_backend_user_model_has_hall_address_and_owner_phone" time="0.000" /><testcase classname="tests.test_makemyevents" name="test_backend_user_update_has_hall_address_and_owner_phone" time="0.000" /><testcase classname="tests.test_makemyevents" name="test_backend_auth_me_returns_new_fields" time="0.000" /><testcase classname="tests.test_makemyevents" name="test_backend_update_me_returns_new_fields" time="0.000" /><testcase classname="tests.test_makemyevents" name="test_settings_sheet_has_three_input_testids" time="0.000" /><testcase classname="tests.test_makemyevents" name="test_api_update_me_accepts_new_fields" time="0.000" /><testcase classname="tests.test_makemyevents" name="test_authctx_exports_update_profile_not_hall_name" time="0.000" /><testcase classname="tests.test_makemyevents" name="test_invoice_html_accepts_and_renders_hall_address_and_phone" time="0.000" /><testcase classname="tests.test_makemyevents" name="test_report_html_accepts_and_renders_hall_address_and_phone" time="0.000" /><testcase classname="tests.test_makemyevents" name="test_share_invoice_and_report_forward_new_opts" time="0.000" /><testcase classname="tests.test_makemyevents" name="test_dashboard_forwards_new_fields_to_detail_and_report" time="0.000" /><testcase classname="tests.test_makemyevents" name="test_bookings_screen_forwards_new_fields_to_detail" time="0.000" /><testcase classname="tests.test_makemyevents" name="test_tabs_layout_uses_safe_area_insets" time="0.000" /><testcase classname="tests.test_makemyevents" name="test_tabs_content_paddingbottom_raised" time="0.000" /></testsuite></testsuites>